<?xml version="1.0" encoding="UTF-8"?>
<testsuite xmlns:xsi="http://www.w3.org/2001/XMLSchema-instance" xsi:noNamespaceSchemaLocation="https://maven.apache.org/surefire/maven-surefire-plugin/xsd/surefire-test-report.xsd" name="ArtemisTest" time="0" tests="5" errors="0" skipped="0" failures="0">
  <properties>
    <property name="java.specification.version" value="21"/>
    <property name="sun.jnu.encoding" value="UTF-8"/>
    <property name="java.class.path" value="/Users/itamarhindi/Desktop/17214/s24-hw3-santorini-ihindi1111/back-end/target/test-classes:/Users/itamarhindi/Desktop/17214/s24-hw3-santorini-ihindi1111/back-end/target/classes:/Users/itamarhindi/.m2/repository/junit/junit/4.11/junit-4.11.jar:/Users/itamarhindi/.m2/repository/org/hamcrest/hamcrest-core/1.3/hamcrest-core-1.3.jar:/Users/itamarhindi/.m2/repository/org/nanohttpd/nanohttpd/2.3.0/nanohttpd-2.3.0.jar:"/>
    <property name="java.vm.vendor" value="Homebrew"/>
    <property name="sun.arch.data.model" value="64"/>
    <property name="java.vendor.url" value="https://github.com/Homebrew/homebrew-core/issues"/>
    <property name="os.name" value="Mac OS X"/>
    <property name="java.vm.specification.version" value="21"/>
    <property name="sun.java.launcher" value="SUN_STANDARD"/>
    <property name="user.country" value="US"/>
    <property name="sun.boot.library.path" value="/opt/homebrew/Cellar/openjdk/21.0.2/libexec/openjdk.jdk/Contents/Home/lib"/>
    <property name="sun.java.command" value="/Users/itamarhindi/Desktop/17214/s24-hw3-santorini-ihindi1111/back-end/target/surefire/surefirebooter9484224418566271882.jar /Users/itamarhindi/Desktop/17214/s24-hw3-santorini-ihindi1111/back-end/target/surefire 2024-04-26T23-58-59_461-jvmRun1 surefire11462534506472337033tmp surefire_01612340095488665158tmp"/>
    <property name="http.nonProxyHosts" value="local|*.local|169.254/16|*.169.254/16"/>
    <property name="jdk.debug" value="release"/>
    <property name="surefire.test.class.path" value="/Users/itamarhindi/Desktop/17214/s24-hw3-santorini-ihindi1111/back-end/target/test-classes:/Users/itamarhindi/Desktop/17214/s24-hw3-santorini-ihindi1111/back-end/target/classes:/Users/itamarhindi/.m2/repository/junit/junit/4.11/junit-4.11.jar:/Users/itamarhindi/.m2/repository/org/hamcrest/hamcrest-core/1.3/hamcrest-core-1.3.jar:/Users/itamarhindi/.m2/repository/org/nanohttpd/nanohttpd/2.3.0/nanohttpd-2.3.0.jar:"/>
    <property name="sun.cpu.endian" value="little"/>
    <property name="user.home" value="/Users/itamarhindi"/>
    <property name="user.language" value="en"/>
    <property name="java.specification.vendor" value="Oracle Corporation"/>
    <property name="java.version.date" value="2024-01-16"/>
    <property name="java.home" value="/opt/homebrew/Cellar/openjdk/21.0.2/libexec/openjdk.jdk/Contents/Home"/>
    <property name="file.separator" value="/"/>
    <property name="basedir" value="/Users/itamarhindi/Desktop/17214/s24-hw3-santorini-ihindi1111/back-end"/>
    <property name="java.vm.compressedOopsMode" value="Zero based"/>
    <property name="line.separator" value="&#10;"/>
    <property name="java.vm.specification.vendor" value="Oracle Corporation"/>
    <property name="java.specification.name" value="Java Platform API Specification"/>
    <property name="apple.awt.application.name" value="ForkedBooter"/>
    <property name="surefire.real.class.path" value="/Users/itamarhindi/Desktop/17214/s24-hw3-santorini-ihindi1111/back-end/target/surefire/surefirebooter9484224418566271882.jar"/>
    <property name="sun.management.compiler" value="HotSpot 64-Bit Tiered Compilers"/>
    <property name="ftp.nonProxyHosts" value="local|*.local|169.254/16|*.169.254/16"/>
    <property name="java.runtime.version" value="21.0.2"/>
    <property name="user.name" value="itamarhindi"/>
    <property name="stdout.encoding" value="UTF-8"/>
    <property name="path.separator" value=":"/>
    <property name="os.version" value="14.2.1"/>
    <property name="java.runtime.name" value="OpenJDK Runtime Environment"/>
    <property name="file.encoding" value="UTF-8"/>
    <property name="java.vm.name" value="OpenJDK 64-Bit Server VM"/>
    <property name="java.vendor.version" value="Homebrew"/>
    <property name="localRepository" value="/Users/itamarhindi/.m2/repository"/>
    <property name="java.vendor.url.bug" value="https://github.com/Homebrew/homebrew-core/issues"/>
    <property name="java.io.tmpdir" value="/var/folders/n2/v69hrx_d6gscq4g8m33s5bb80000gn/T/"/>
    <property name="java.version" value="21.0.2"/>
    <property name="user.dir" value="/Users/itamarhindi/Desktop/17214/s24-hw3-santorini-ihindi1111/back-end"/>
    <property name="os.arch" value="aarch64"/>
    <property name="java.vm.specification.name" value="Java Virtual Machine Specification"/>
    <property name="native.encoding" value="UTF-8"/>
    <property name="java.library.path" value="/Users/itamarhindi/Library/Java/Extensions:/Library/Java/Extensions:/Network/Library/Java/Extensions:/System/Library/Java/Extensions:/usr/lib/java:."/>
    <property name="java.vm.info" value="mixed mode, sharing"/>
    <property name="stderr.encoding" value="UTF-8"/>
    <property name="java.vendor" value="Homebrew"/>
    <property name="java.vm.version" value="21.0.2"/>
    <property name="sun.io.unicode.encoding" value="UnicodeBig"/>
    <property name="socksNonProxyHosts" value="local|*.local|169.254/16|*.169.254/16"/>
    <property name="java.class.version" value="65.0"/>
  </properties>
  <testcase name="testPerformSecondMove" classname="ArtemisTest" time="0"/>
  <testcase name="testPerformFirstMove" classname="ArtemisTest" time="0"/>
  <testcase name="testPassSecondMove" classname="ArtemisTest" time="0"/>
  <testcase name="testValidFirstMove" classname="ArtemisTest" time="0"/>
  <testcase name="testValidSecondMove" classname="ArtemisTest" time="0"/>
</testsuite>